0 info it worked if it ends with ok
1 verbose cli [ '/usr/local/bin/node',
1 verbose cli   '/usr/local/bin/npm',
1 verbose cli   'install',
1 verbose cli   'jekyll',
1 verbose cli   '--save' ]
2 info using npm@2.11.3
3 info using node@v0.12.7
4 verbose install initial load of /Users/chriskonings/Projects/creativewithcode/creativewithcode-dev/package.json
5 verbose readDependencies loading dependencies from /Users/chriskonings/Projects/creativewithcode/creativewithcode-dev/package.json
6 silly cache add args [ 'jekyll', null ]
7 verbose cache add spec jekyll
8 silly cache add parsed spec { raw: 'jekyll',
8 silly cache add   scope: null,
8 silly cache add   name: 'jekyll',
8 silly cache add   rawSpec: '',
8 silly cache add   spec: '*',
8 silly cache add   type: 'range' }
9 silly addNamed jekyll@*
10 verbose addNamed "*" is a valid semver range for jekyll
11 silly addNameRange { name: 'jekyll', range: '*', hasData: false }
12 silly mapToRegistry name jekyll
13 silly mapToRegistry using default registry
14 silly mapToRegistry registry https://registry.npmjs.org/
15 silly mapToRegistry uri https://registry.npmjs.org/jekyll
16 verbose addNameRange registry:https://registry.npmjs.org/jekyll not in flight; fetching
17 verbose request uri https://registry.npmjs.org/jekyll
18 verbose request no auth needed
19 info attempt registry request try #1 at 5:49:37 PM
20 verbose request id 2751e44eeff8eaca
21 verbose etag "861DH907E3APUT89G5UUQGY5U"
22 http request GET https://registry.npmjs.org/jekyll
23 http 304 https://registry.npmjs.org/jekyll
24 silly get cb [ 304,
24 silly get   { date: 'Fri, 06 Nov 2015 17:49:37 GMT',
24 silly get     via: '1.1 varnish',
24 silly get     'cache-control': 'max-age=60',
24 silly get     etag: '"861DH907E3APUT89G5UUQGY5U"',
24 silly get     age: '16',
24 silly get     connection: 'keep-alive',
24 silly get     'x-served-by': 'cache-lhr6331-LHR',
24 silly get     'x-cache': 'HIT',
24 silly get     'x-cache-hits': '1',
24 silly get     'x-timer': 'S1446832177.315381,VS0,VE0',
24 silly get     vary: 'Accept' } ]
25 verbose etag https://registry.npmjs.org/jekyll from cache
26 verbose get saving jekyll to /Users/chriskonings/.npm/registry.npmjs.org/jekyll/.cache.json
27 silly addNameRange number 2 { name: 'jekyll', range: '*', hasData: true }
28 silly addNameRange versions [ 'jekyll', [ '3.0.0-beta1' ] ]
29 verbose stack Error: No compatible version found: jekyll@'*'
29 verbose stack Valid install targets:
29 verbose stack ["3.0.0-beta1"]
29 verbose stack
29 verbose stack     at installTargetsError (/usr/local/lib/node_modules/npm/lib/cache/add-named.js:274:12)
29 verbose stack     at next (/usr/local/lib/node_modules/npm/lib/cache/add-named.js:253:17)
29 verbose stack     at setData (/usr/local/lib/node_modules/npm/lib/cache/add-named.js:230:5)
29 verbose stack     at RES (/usr/local/lib/node_modules/npm/node_modules/inflight/inflight.js:23:14)
29 verbose stack     at f (/usr/local/lib/node_modules/npm/node_modules/once/once.js:17:25)
29 verbose stack     at fixName (/usr/local/lib/node_modules/npm/lib/cache/add-named.js:29:5)
29 verbose stack     at saved (/usr/local/lib/node_modules/npm/lib/cache/caching-client.js:173:7)
29 verbose stack     at FSReqWrap.oncomplete (fs.js:95:15)
30 verbose cwd /Users/chriskonings/Projects/creativewithcode/creativewithcode-dev
31 error Darwin 14.4.0
32 error argv "/usr/local/bin/node" "/usr/local/bin/npm" "install" "jekyll" "--save"
33 error node v0.12.7
34 error npm  v2.11.3
35 error code ETARGET
36 error notarget No compatible version found: jekyll@'*'
36 error notarget Valid install targets:
36 error notarget ["3.0.0-beta1"]
36 error notarget
36 error notarget This is most likely not a problem with npm itself.
36 error notarget In most cases you or one of your dependencies are requesting
36 error notarget a package version that doesn't exist.
37 verbose exit [ 1, true ]
